In file included from /usr/include/c++/13/bits/char_traits.h:57,
                 from /usr/include/c++/13/ios:42,
                 from /usr/include/c++/13/istream:40,
                 from /usr/include/c++/13/fstream:40,
                 from src/main.cpp:22:
/usr/include/c++/13/bits/stl_construct.h: In instantiation of ‘constexpr void std::_Construct(_Tp*, _Args&& ...) [with _Tp = std_gearlang::tree::Node; _Args = {std_gearlang::tree::Node&}]’:
/usr/include/c++/13/bits/alloc_traits.h:661:19:   required from ‘static constexpr void std::allocator_traits<std::allocator<void> >::construct(allocator_type&, _Up*, _Args&& ...) [with _Up = std_gearlang::tree::Node; _Args = {std_gearlang::tree::Node&}; allocator_type = std::allocator<void>]’
/usr/include/c++/13/bits/shared_ptr_base.h:604:39:   required from ‘std::_Sp_counted_ptr_inplace<_Tp, _Alloc, _Lp>::_Sp_counted_ptr_inplace(_Alloc, _Args&& ...) [with _Args = {std_gearlang::tree::Node&}; _Tp = std_gearlang::tree::Node; _Alloc = std::allocator<void>; __gnu_cxx::_Lock_policy _Lp = __gnu_cxx::_S_atomic]’
/usr/include/c++/13/bits/shared_ptr_base.h:971:16:   required from ‘std::__shared_count<_Lp>::__shared_count(_Tp*&, std::_Sp_alloc_shared_tag<_Alloc>, _Args&& ...) [with _Tp = std_gearlang::tree::Node; _Alloc = std::allocator<void>; _Args = {std_gearlang::tree::Node&}; __gnu_cxx::_Lock_policy _Lp = __gnu_cxx::_S_atomic]’
/usr/include/c++/13/bits/shared_ptr_base.h:1712:14:   required from ‘std::__shared_ptr<_Tp, _Lp>::__shared_ptr(std::_Sp_alloc_shared_tag<_Tp>, _Args&& ...) [with _Alloc = std::allocator<void>; _Args = {std_gearlang::tree::Node&}; _Tp = std_gearlang::tree::Node; __gnu_cxx::_Lock_policy _Lp = __gnu_cxx::_S_atomic]’
/usr/include/c++/13/bits/shared_ptr.h:464:59:   required from ‘std::shared_ptr<_Tp>::shared_ptr(std::_Sp_alloc_shared_tag<_Tp>, _Args&& ...) [with _Alloc = std::allocator<void>; _Args = {std_gearlang::tree::Node&}; _Tp = std_gearlang::tree::Node]’
/usr/include/c++/13/bits/shared_ptr.h:1009:14:   required from ‘std::shared_ptr<std::_NonArray<_Tp> > std::make_shared(_Args&& ...) [with _Tp = std_gearlang::tree::Node; _Args = {std_gearlang::tree::Node&}; _NonArray<_Tp> = std_gearlang::tree::Node]’
src/tree/builder.cpp:61:76:   required from here
/usr/include/c++/13/bits/stl_construct.h:115:28: error: no matching function for call to ‘construct_at(std_gearlang::tree::Node*&, std_gearlang::tree::Node&)’
  115 |           std::construct_at(__p, std::forward<_Args>(__args)...);
      |           ~~~~~~~~~~~~~~~~~^~~~~~~~~~~~~~~~~~~~~~~~~~~~~~~~~~~~~
/usr/include/c++/13/bits/stl_construct.h:94:5: note: candidate: ‘template<class _Tp, class ... _Args> constexpr decltype (::new(void*(0)) _Tp) std::construct_at(_Tp*, _Args&& ...)’
   94 |     construct_at(_Tp* __location, _Args&&... __args)
      |     ^~~~~~~~~~~~
/usr/include/c++/13/bits/stl_construct.h:94:5: note:   template argument deduction/substitution failed:
/usr/include/c++/13/bits/stl_construct.h: In substitution of ‘template<class _Tp, class ... _Args> constexpr decltype (::new(void*(0)) _Tp) std::construct_at(_Tp*, _Args&& ...) [with _Tp = std_gearlang::tree::Node; _Args = {std_gearlang::tree::Node&}]’:
/usr/include/c++/13/bits/stl_construct.h:115:21:   required from ‘constexpr void std::_Construct(_Tp*, _Args&& ...) [with _Tp = std_gearlang::tree::Node; _Args = {std_gearlang::tree::Node&}]’
/usr/include/c++/13/bits/alloc_traits.h:661:19:   required from ‘static constexpr void std::allocator_traits<std::allocator<void> >::construct(allocator_type&, _Up*, _Args&& ...) [with _Up = std_gearlang::tree::Node; _Args = {std_gearlang::tree::Node&}; allocator_type = std::allocator<void>]’
/usr/include/c++/13/bits/shared_ptr_base.h:604:39:   required from ‘std::_Sp_counted_ptr_inplace<_Tp, _Alloc, _Lp>::_Sp_counted_ptr_inplace(_Alloc, _Args&& ...) [with _Args = {std_gearlang::tree::Node&}; _Tp = std_gearlang::tree::Node; _Alloc = std::allocator<void>; __gnu_cxx::_Lock_policy _Lp = __gnu_cxx::_S_atomic]’
/usr/include/c++/13/bits/shared_ptr_base.h:971:16:   required from ‘std::__shared_count<_Lp>::__shared_count(_Tp*&, std::_Sp_alloc_shared_tag<_Alloc>, _Args&& ...) [with _Tp = std_gearlang::tree::Node; _Alloc = std::allocator<void>; _Args = {std_gearlang::tree::Node&}; __gnu_cxx::_Lock_policy _Lp = __gnu_cxx::_S_atomic]’
/usr/include/c++/13/bits/shared_ptr_base.h:1712:14:   required from ‘std::__shared_ptr<_Tp, _Lp>::__shared_ptr(std::_Sp_alloc_shared_tag<_Tp>, _Args&& ...) [with _Alloc = std::allocator<void>; _Args = {std_gearlang::tree::Node&}; _Tp = std_gearlang::tree::Node; __gnu_cxx::_Lock_policy _Lp = __gnu_cxx::_S_atomic]’
/usr/include/c++/13/bits/shared_ptr.h:464:59:   required from ‘std::shared_ptr<_Tp>::shared_ptr(std::_Sp_alloc_shared_tag<_Tp>, _Args&& ...) [with _Alloc = std::allocator<void>; _Args = {std_gearlang::tree::Node&}; _Tp = std_gearlang::tree::Node]’
/usr/include/c++/13/bits/shared_ptr.h:1009:14:   required from ‘std::shared_ptr<std::_NonArray<_Tp> > std::make_shared(_Args&& ...) [with _Tp = std_gearlang::tree::Node; _Args = {std_gearlang::tree::Node&}; _NonArray<_Tp> = std_gearlang::tree::Node]’
src/tree/builder.cpp:61:76:   required from here
/usr/include/c++/13/bits/stl_construct.h:96:17: error: invalid new-expression of abstract class type ‘std_gearlang::tree::Node’
   96 |     -> decltype(::new((void*)0) _Tp(std::declval<_Args>()...))
      |                 ^~~~~~~~~~~~~~~~~~~~~~~~~~~~~~~~~~~~~~~~~~~~~
In file included from src/main.cpp:29:
src/tree/builder.cpp:36:11: note:   because the following virtual functions are pure within ‘std_gearlang::tree::Node’:
   36 |     class Node {
      |           ^~~~
src/tree/builder.cpp:74:22: note:     ‘virtual bool std_gearlang::tree::Node::try_parse(std::span<std::shared_ptr<std_gearlang::token::Base> >)’
   74 |         virtual bool try_parse(std::span<std::shared_ptr<token::Base>>) = 0;
      |                      ^~~~~~~~~
/usr/include/c++/13/bits/stl_construct.h: In instantiation of ‘constexpr void std::_Construct(_Tp*, _Args&& ...) [with _Tp = std_gearlang::tree::Node; _Args = {std_gearlang::tree::Node&}]’:
/usr/include/c++/13/bits/alloc_traits.h:661:19:   required from ‘static constexpr void std::allocator_traits<std::allocator<void> >::construct(allocator_type&, _Up*, _Args&& ...) [with _Up = std_gearlang::tree::Node; _Args = {std_gearlang::tree::Node&}; allocator_type = std::allocator<void>]’
/usr/include/c++/13/bits/shared_ptr_base.h:604:39:   required from ‘std::_Sp_counted_ptr_inplace<_Tp, _Alloc, _Lp>::_Sp_counted_ptr_inplace(_Alloc, _Args&& ...) [with _Args = {std_gearlang::tree::Node&}; _Tp = std_gearlang::tree::Node; _Alloc = std::allocator<void>; __gnu_cxx::_Lock_policy _Lp = __gnu_cxx::_S_atomic]’
/usr/include/c++/13/bits/shared_ptr_base.h:971:16:   required from ‘std::__shared_count<_Lp>::__shared_count(_Tp*&, std::_Sp_alloc_shared_tag<_Alloc>, _Args&& ...) [with _Tp = std_gearlang::tree::Node; _Alloc = std::allocator<void>; _Args = {std_gearlang::tree::Node&}; __gnu_cxx::_Lock_policy _Lp = __gnu_cxx::_S_atomic]’
/usr/include/c++/13/bits/shared_ptr_base.h:1712:14:   required from ‘std::__shared_ptr<_Tp, _Lp>::__shared_ptr(std::_Sp_alloc_shared_tag<_Tp>, _Args&& ...) [with _Alloc = std::allocator<void>; _Args = {std_gearlang::tree::Node&}; _Tp = std_gearlang::tree::Node; __gnu_cxx::_Lock_policy _Lp = __gnu_cxx::_S_atomic]’
/usr/include/c++/13/bits/shared_ptr.h:464:59:   required from ‘std::shared_ptr<_Tp>::shared_ptr(std::_Sp_alloc_shared_tag<_Tp>, _Args&& ...) [with _Alloc = std::allocator<void>; _Args = {std_gearlang::tree::Node&}; _Tp = std_gearlang::tree::Node]’
/usr/include/c++/13/bits/shared_ptr.h:1009:14:   required from ‘std::shared_ptr<std::_NonArray<_Tp> > std::make_shared(_Args&& ...) [with _Tp = std_gearlang::tree::Node; _Args = {std_gearlang::tree::Node&}; _NonArray<_Tp> = std_gearlang::tree::Node]’
src/tree/builder.cpp:61:76:   required from here
/usr/include/c++/13/bits/stl_construct.h:119:7: error: invalid new-expression of abstract class type ‘std_gearlang::tree::Node’
  119 |       ::new((void*)__p) _Tp(std::forward<_Args>(__args)...);
      |       ^~~~~~~~~~~~~~~~~~~~~~~~~~~~~~~~~~~~~~~~~~~~~~~~~~~~~
